<?xml version="1.0" encoding="UTF-8"?>
<!-- Generated by org.testng.reporters.JUnitXMLReporter -->
<testsuite hostname="Efawans-MacBook-Pro.local" ignored="0" name="Default test" tests="1" failures="1" timestamp="29 Mar 2017 07:17:18 GMT" time="33.241" errors="0">
  <testcase name="testCase" time="15.448" classname="fullTest.mainTest">
    <failure type="org.openqa.selenium.NoSuchElementException" message="An element could not be located on the page using the given search parameters. (WARNING: The server did not provide any stacktrace information)
Command duration or timeout: 15.43 seconds
For documentation on this error, please visit: http://seleniumhq.org/exceptions/no_such_element.html
Build info: version: &amp;apos;3.0.1&amp;apos;, revision: &amp;apos;1969d75&amp;apos;, time: &amp;apos;2016-10-18 09:48:19 -0700&amp;apos;
System info: host: &amp;apos;Efawans-MacBook-Pro.local&amp;apos;, ip: &amp;apos;192.168.11.30&amp;apos;, os.name: &amp;apos;Mac OS X&amp;apos;, os.arch: &amp;apos;x86_64&amp;apos;, os.version: &amp;apos;10.12.1&amp;apos;, java.version: &amp;apos;1.8.0_121&amp;apos;
Driver info: fullTest.SwipeableWebDriver
Capabilities [{appPackage=org.qluein.android, app=/Users/efawanarsandy/Documents/Source/APK/Qlue.apk, networkConnectionEnabled=true, warnings={}, databaseEnabled=false, deviceName=d568d8da, platform=LINUX, deviceUDID=d568d8da, appActivity=org.qluein.android.ui.activities.SplashAct, desired={appPackage=org.qluein.android, appActivity=org.qluein.android.ui.activities.SplashAct, app=/Users/efawanarsandy/Documents/Source/APK/Qlue.apk, platformVersion=5.1, automationName=Appium, platformName=Android, deviceName=d568d8da}, platformVersion=5.1.1, webStorageEnabled=false, locationContextEnabled=false, automationName=Appium, takesScreenshot=true, javascriptEnabled=true, platformName=Android}]
Session ID: bb32de72-30d4-4269-8c12-0f988d65bf42
*** Element info: {Using=id, value=org.qluein.android:id/imgNewFab}">
      <![CDATA[org.openqa.selenium.NoSuchElementException: An element could not be located on the page using the given search parameters. (WARNING: The server did not provide any stacktrace information)
Command duration or timeout: 15.43 seconds
For documentation on this error, please visit: http://seleniumhq.org/exceptions/no_such_element.html
Build info: version: '3.0.1', revision: '1969d75', time: '2016-10-18 09:48:19 -0700'
System info: host: 'Efawans-MacBook-Pro.local', ip: '192.168.11.30', os.name: 'Mac OS X', os.arch: 'x86_64', os.version: '10.12.1', java.version: '1.8.0_121'
Driver info: fullTest.SwipeableWebDriver
Capabilities [{appPackage=org.qluein.android, app=/Users/efawanarsandy/Documents/Source/APK/Qlue.apk, networkConnectionEnabled=true, warnings={}, databaseEnabled=false, deviceName=d568d8da, platform=LINUX, deviceUDID=d568d8da, appActivity=org.qluein.android.ui.activities.SplashAct, desired={appPackage=org.qluein.android, appActivity=org.qluein.android.ui.activities.SplashAct, app=/Users/efawanarsandy/Documents/Source/APK/Qlue.apk, platformVersion=5.1, automationName=Appium, platformName=Android, deviceName=d568d8da}, platformVersion=5.1.1, webStorageEnabled=false, locationContextEnabled=false, automationName=Appium, takesScreenshot=true, javascriptEnabled=true, platformName=Android}]
Session ID: bb32de72-30d4-4269-8c12-0f988d65bf42
*** Element info: {Using=id, value=org.qluein.android:id/imgNewFab}
	at sun.reflect.NativeConstructorAccessorImpl.newInstance0(Native Method)
	at sun.reflect.NativeConstructorAccessorImpl.newInstance(NativeConstructorAccessorImpl.java:62)
	at sun.reflect.DelegatingConstructorAccessorImpl.newInstance(DelegatingConstructorAccessorImpl.java:45)
	at java.lang.reflect.Constructor.newInstance(Constructor.java:423)
	at org.openqa.selenium.remote.ErrorHandler.createThrowable(ErrorHandler.java:216)
	at org.openqa.selenium.remote.ErrorHandler.throwIfResponseFailed(ErrorHandler.java:168)
	at org.openqa.selenium.remote.RemoteWebDriver.execute(RemoteWebDriver.java:635)
	at org.openqa.selenium.remote.RemoteWebDriver.findElement(RemoteWebDriver.java:368)
	at org.openqa.selenium.remote.RemoteWebDriver.findElementById(RemoteWebDriver.java:417)
	at org.openqa.selenium.By$ById.findElement(By.java:218)
	at org.openqa.selenium.remote.RemoteWebDriver.findElement(RemoteWebDriver.java:360)
	at fullTest.postPemerintah.selectFAB(postPemerintah.java:15)
	at fullTest.mainTest.casePostPemerintah(mainTest.java:85)
	at fullTest.mainTest.testCase(mainTest.java:35)
	at sun.reflect.NativeMethodAccessorImpl.invoke0(Native Method)
	at sun.reflect.NativeMethodAccessorImpl.invoke(NativeMethodAccessorImpl.java:62)
	at sun.reflect.DelegatingMethodAccessorImpl.invoke(DelegatingMethodAccessorImpl.java:43)
	at java.lang.reflect.Method.invoke(Method.java:498)
	at org.testng.internal.MethodInvocationHelper.invokeMethod(MethodInvocationHelper.java:108)
	at org.testng.internal.Invoker.invokeMethod(Invoker.java:661)
	at org.testng.internal.Invoker.invokeTestMethod(Invoker.java:869)
	at org.testng.internal.Invoker.invokeTestMethods(Invoker.java:1193)
	at org.testng.internal.TestMethodWorker.invokeTestMethods(TestMethodWorker.java:126)
	at org.testng.internal.TestMethodWorker.run(TestMethodWorker.java:109)
	at org.testng.TestRunner.privateRun(TestRunner.java:744)
	at org.testng.TestRunner.run(TestRunner.java:602)
	at org.testng.SuiteRunner.runTest(SuiteRunner.java:380)
	at org.testng.SuiteRunner.runSequentially(SuiteRunner.java:375)
	at org.testng.SuiteRunner.privateRun(SuiteRunner.java:340)
	at org.testng.SuiteRunner.run(SuiteRunner.java:289)
	at org.testng.SuiteRunnerWorker.runSuite(SuiteRunnerWorker.java:52)
	at org.testng.SuiteRunnerWorker.run(SuiteRunnerWorker.java:86)
	at org.testng.TestNG.runSuitesSequentially(TestNG.java:1301)
	at org.testng.TestNG.runSuitesLocally(TestNG.java:1226)
	at org.testng.TestNG.runSuites(TestNG.java:1144)
	at org.testng.TestNG.run(TestNG.java:1115)
	at org.testng.remote.AbstractRemoteTestNG.run(AbstractRemoteTestNG.java:132)
	at org.testng.remote.RemoteTestNG.initAndRun(RemoteTestNG.java:230)
	at org.testng.remote.RemoteTestNG.main(RemoteTestNG.java:76)
]]>
    </failure>
  </testcase> <!-- testCase -->
</testsuite> <!-- Default test -->
